2020-12-24 10:33:51,848 [main] INFO Nirmal - *******>As a User I can Open any Browser<*******
2020-12-24 10:33:59,057 [main] INFO Nirmal - *******>As a User I can clik on the modual Sign in<*******
2020-12-24 10:33:59,953 [main] INFO Nirmal - *******>As a user I can enter Valid username <*******
2020-12-24 10:34:00,186 [main] INFO Nirmal - *******>As a user I can enter Valid Password<*******
2020-12-24 10:34:00,381 [main] INFO Nirmal - *******> As a user I can clik the Sign in button <*******
2020-12-24 10:34:01,425 [main] INFO Nirmal - *******> As a user I am able to verify the title <*******
2020-12-24 10:34:01,449 [main] INFO Nirmal - *******> As a user I can able to click Upper left corner Dresses <*******
2020-12-24 10:34:02,610 [main] INFO Nirmal - *******> As a user I can select Second dress on that list <*******
2020-12-24 10:34:03,425 [main] INFO Nirmal - *******> As a user I am able to click Add to cart button <*******
2020-12-24 10:34:03,525 [main] INFO Nirmal - *******> As a user I am able to click on proceed to checkout <*******
2020-12-24 10:34:04,436 [main] INFO Nirmal - *******> As a user I am able to see the total price with shipping <*******
2020-12-24 10:34:04,499 [main] INFO Nirmal - *******> As a user I am able to click on signout button <*******
2020-12-24 10:38:16,156 [main] INFO Nirmal - *******>As a User I can Open any Browser<*******
2020-12-24 10:38:23,180 [main] INFO Nirmal - *******>As a User I can clik on the modual Sign in<*******
2020-12-24 10:38:24,099 [main] INFO Nirmal - *******>As a user I can enter Valid username <*******
2020-12-24 10:38:24,330 [main] INFO Nirmal - *******>As a user I can enter Valid Password<*******
2020-12-24 10:38:24,536 [main] INFO Nirmal - *******> As a user I can clik the Sign in button <*******
2020-12-24 10:38:25,519 [main] INFO Nirmal - *******> As a user I am able to verify the title <*******
2020-12-24 10:38:25,539 [main] INFO Nirmal - *******> As a user I can able to click Upper left corner Dresses <*******
2020-12-24 10:38:26,730 [main] INFO Nirmal - *******> As a user I can select Second dress on that list <*******
2020-12-24 10:38:27,733 [main] INFO Nirmal - *******> As a user I am able to click Add to cart button <*******
2020-12-24 10:38:27,837 [main] INFO Nirmal - *******> As a user I am able to click on proceed to checkout <*******
2020-12-24 10:38:29,136 [main] INFO Nirmal - *******> As a user I am able to see the total price with shipping <*******
2020-12-24 10:38:29,199 [main] INFO Nirmal - *******> As a user I am able to click on signout button <*******
2020-12-24 10:44:28,669 [main] INFO Nirmal - *******>As a User I can Open any Browser<*******
2020-12-24 10:44:36,368 [main] INFO Nirmal - *******>As a User I can clik on the modual Sign in<*******
2020-12-24 10:44:37,622 [main] INFO Nirmal - *******>As a user I can enter Valid username <*******
2020-12-24 10:44:37,867 [main] INFO Nirmal - *******>As a user I can enter Valid Password<*******
2020-12-24 10:44:38,074 [main] INFO Nirmal - *******> As a user I can clik the Sign in button <*******
2020-12-24 10:44:39,038 [main] INFO Nirmal - *******> As a user I am able to verify the title <*******
2020-12-24 10:44:39,055 [main] INFO Nirmal - *******> As a user I can able to click Upper left corner Dresses <*******
2020-12-24 10:44:40,199 [main] INFO Nirmal - *******> As a user I can select Second dress on that list <*******
2020-12-24 10:44:41,025 [main] INFO Nirmal - *******> As a user I am able to click Add to cart button <*******
2020-12-24 10:44:41,136 [main] INFO Nirmal - *******> As a user I am able to click on proceed to checkout <*******
2020-12-24 10:44:42,459 [main] INFO Nirmal - *******> As a user I am able to see the total price with shipping <*******
2020-12-24 10:44:42,529 [main] INFO Nirmal - *******> As a user I am able to click on signout button <*******
2020-12-24 10:48:52,495 [main] INFO Nirmal - *******>As a User I can Open any Browser<*******
2020-12-24 10:48:59,499 [main] INFO Nirmal - *******>As a User I can clik on the modual Sign in<*******
2020-12-24 10:49:00,418 [main] INFO Nirmal - *******>As a user I can enter Valid username <*******
2020-12-24 10:49:00,651 [main] INFO Nirmal - *******>As a user I can enter Valid Password<*******
2020-12-24 10:49:00,843 [main] INFO Nirmal - *******> As a user I can clik the Sign in button <*******
2020-12-24 10:49:01,847 [main] INFO Nirmal - *******> As a user I am able to verify the title <*******
2020-12-24 10:49:01,870 [main] INFO Nirmal - *******> As a user I can able to click Upper left corner Dresses <*******
2020-12-24 10:49:03,175 [main] INFO Nirmal - *******> As a user I can select Second dress on that list <*******
2020-12-24 10:49:03,993 [main] INFO Nirmal - *******> As a user I am able to click Add to cart button <*******
2020-12-24 10:49:04,100 [main] INFO Nirmal - *******> As a user I am able to click on proceed to checkout <*******
2020-12-24 10:49:05,578 [main] INFO Nirmal - *******> As a user I am able to see the total price with shipping <*******
2020-12-24 10:49:05,648 [main] INFO Nirmal - *******> As a user I am able to click on signout button <*******
2020-12-24 10:49:30,085 [main] INFO Nirmal - *******>As a User I can Open any Browser<*******
2020-12-24 10:49:37,797 [main] INFO Nirmal - *******>As a User I can clik on the modual Sign in<*******
2020-12-24 10:49:39,859 [main] INFO Nirmal - *******>As a user I can enter Valid username <*******
2020-12-24 10:49:40,084 [main] INFO Nirmal - *******>As a user I can enter Valid Password<*******
2020-12-24 10:49:40,291 [main] INFO Nirmal - *******> As a user I can clik the Sign in button <*******
2020-12-24 10:49:42,465 [main] INFO Nirmal - *******> As a user I am able to verify the title <*******
2020-12-24 10:49:42,490 [main] INFO Nirmal - *******> As a user I can able to click Upper left corner Dresses <*******
2020-12-24 10:49:45,581 [main] INFO Nirmal - *******> As a user I can select Second dress on that list <*******
2020-12-24 10:49:47,479 [main] INFO Nirmal - *******> As a user I am able to click Add to cart button <*******
2020-12-24 10:49:47,576 [main] INFO Nirmal - *******> As a user I am able to click on proceed to checkout <*******
2020-12-24 10:49:48,777 [main] INFO Nirmal - *******> As a user I am able to see the total price with shipping <*******
2020-12-24 10:49:48,841 [main] INFO Nirmal - *******> As a user I am able to click on signout button <*******
2020-12-24 10:58:35,972 [main] INFO Nirmal - *******>As a User I can Open any Browser<*******
2020-12-24 10:58:48,898 [main] INFO Nirmal - *******>As a User I can clik on the modual Sign in<*******
2020-12-24 10:58:52,299 [main] INFO Nirmal - *******>As a user I can enter Valid username <*******
2020-12-24 10:58:52,542 [main] INFO Nirmal - *******>As a user I can enter Valid Password<*******
2020-12-24 10:58:52,746 [main] INFO Nirmal - *******> As a user I can clik the Sign in button <*******
2020-12-24 10:58:54,292 [main] INFO Nirmal - *******> As a user I am able to verify the title <*******
2020-12-24 10:58:54,316 [main] INFO Nirmal - *******> As a user I can able to click Upper left corner Dresses <*******
2020-12-24 10:58:56,512 [main] INFO Nirmal - *******> As a user I can select Second dress on that list <*******
2020-12-24 10:58:58,165 [main] INFO Nirmal - *******> As a user I am able to click Add to cart button <*******
2020-12-24 10:58:58,267 [main] INFO Nirmal - *******> As a user I am able to click on proceed to checkout <*******
2020-12-24 10:58:59,483 [main] INFO Nirmal - *******> As a user I am able to see the total price with shipping <*******
2020-12-24 10:58:59,546 [main] INFO Nirmal - *******> As a user I am able to click on signout button <*******
2020-12-24 19:37:20,979 [main] INFO Nirmal - *******>As a User I can Open any Browser<*******
2020-12-24 19:37:28,209 [main] INFO Nirmal - *******>As a User I can clik on the modual Sign in<*******
2020-12-24 19:37:29,466 [main] INFO Nirmal - *******>As a user I can enter Valid username <*******
2020-12-24 19:37:29,717 [main] INFO Nirmal - *******>As a user I can enter Valid Password<*******
2020-12-24 19:37:29,916 [main] INFO Nirmal - *******> As a user I can clik the Sign in button <*******
2020-12-24 19:37:31,523 [main] INFO Nirmal - *******> As a user I am able to verify the title <*******
2020-12-24 19:37:31,541 [main] INFO Nirmal - *******> As a user I can able to click Upper left corner Dresses <*******
2020-12-24 19:37:33,114 [main] INFO Nirmal - *******> As a user I can select Second dress on that list <*******
2020-12-24 19:37:34,126 [main] INFO Nirmal - *******> As a user I am able to click Add to cart button <*******
2020-12-24 19:37:34,228 [main] INFO Nirmal - *******> As a user I am able to click on proceed to checkout <*******
2020-12-24 19:37:36,043 [main] INFO Nirmal - *******> As a user I am able to see the total price with shipping <*******
2020-12-24 19:37:36,118 [main] INFO Nirmal - *******> As a user I am able to click on signout button <*******
2020-12-24 20:39:34,885 [main] INFO Nirmal - *******>As a User I can Open any Browser<*******
2020-12-24 20:39:42,225 [main] INFO Nirmal - *******>As a User I can clik on the modual Sign in<*******
2020-12-24 20:39:43,587 [main] INFO Nirmal - *******>As a user I can enter Valid username <*******
2020-12-24 20:39:43,840 [main] INFO Nirmal - *******>As a user I can enter Valid Password<*******
2020-12-24 20:39:44,060 [main] INFO Nirmal - *******> As a user I can clik the Sign in button <*******
2020-12-24 20:39:45,274 [main] INFO Nirmal - *******> As a user I am able to verify the title <*******
2020-12-24 20:39:45,296 [main] INFO Nirmal - *******> As a user I can able to click Upper left corner Dresses <*******
2020-12-24 20:39:46,878 [main] INFO Nirmal - *******> As a user I can select Second dress on that list <*******
2020-12-24 20:39:47,735 [main] INFO Nirmal - *******> As a user I am able to click Add to cart button <*******
2020-12-24 20:39:47,849 [main] INFO Nirmal - *******> As a user I am able to click on proceed to checkout <*******
2020-12-24 20:39:48,859 [main] INFO Nirmal - *******> As a user I am able to see the total price with shipping <*******
2020-12-24 20:39:48,940 [main] INFO Nirmal - *******> As a user I am able to click on signout button <*******
2020-12-25 00:01:26,485 [main] INFO Nirmal - *******>As a User I can Open any Browser<*******
2020-12-25 00:01:33,747 [main] INFO Nirmal - *******>As a User I can clik on the modual Sign in<*******
2020-12-25 00:01:35,848 [main] INFO Nirmal - *******>As a user I can enter Valid username <*******
2020-12-25 00:01:36,107 [main] INFO Nirmal - *******>As a user I can enter Valid Password<*******
2020-12-25 00:01:36,365 [main] INFO Nirmal - *******> As a user I can clik the Sign in button <*******
2020-12-25 00:01:37,685 [main] INFO Nirmal - *******> As a user I am able to verify the title <*******
2020-12-25 00:01:37,718 [main] INFO Nirmal - *******> As a user I can able to click Upper left corner Dresses <*******
2020-12-25 00:01:39,862 [main] INFO Nirmal - *******> As a user I can select Second dress on that list <*******
2020-12-25 00:01:40,808 [main] INFO Nirmal - *******> As a user I am able to click Add to cart button <*******
2020-12-25 00:01:40,936 [main] INFO Nirmal - *******> As a user I am able to click on proceed to checkout <*******
2020-12-25 00:01:42,128 [main] INFO Nirmal - *******> As a user I am able to see the total price with shipping <*******
2020-12-25 00:01:42,219 [main] INFO Nirmal - *******> As a user I am able to click on signout button <*******
2020-12-25 00:03:38,035 [main] INFO Nirmal - *******>As a User I can Open any Browser<*******
2020-12-25 00:03:45,143 [main] INFO Nirmal - *******>As a User I can clik on the modual Sign in<*******
2020-12-25 00:03:46,781 [main] INFO Nirmal - *******>As a user I can enter Valid username <*******
2020-12-25 00:03:47,027 [main] INFO Nirmal - *******>As a user I can enter Valid Password<*******
2020-12-25 00:03:47,290 [main] INFO Nirmal - *******> As a user I can clik the Sign in button <*******
2020-12-25 00:03:48,871 [main] INFO Nirmal - *******> As a user I am able to verify the title <*******
2020-12-25 00:03:48,890 [main] INFO Nirmal - *******> As a user I can able to click Upper left corner Dresses <*******
2020-12-25 00:03:50,614 [main] INFO Nirmal - *******> As a user I can select Second dress on that list <*******
2020-12-25 00:03:51,559 [main] INFO Nirmal - *******> As a user I am able to click Add to cart button <*******
2020-12-25 00:03:51,677 [main] INFO Nirmal - *******> As a user I am able to click on proceed to checkout <*******
2020-12-25 00:03:53,006 [main] INFO Nirmal - *******> As a user I am able to see the total price with shipping <*******
2020-12-25 00:03:53,068 [main] INFO Nirmal - *******> As a user I am able to click on signout button <*******
2020-12-25 00:05:46,683 [main] INFO Nirmal - *******>As a User I can Open any Browser<*******
2020-12-25 00:05:53,802 [main] INFO Nirmal - *******>As a User I can clik on the modual Sign in<*******
2020-12-25 00:05:54,779 [main] INFO Nirmal - *******>As a user I can enter Valid username <*******
2020-12-25 00:05:55,044 [main] INFO Nirmal - *******>As a user I can enter Valid Password<*******
2020-12-25 00:05:55,299 [main] INFO Nirmal - *******> As a user I can clik the Sign in button <*******
2020-12-25 00:05:56,323 [main] INFO Nirmal - *******> As a user I am able to verify the title <*******
2020-12-25 00:05:56,355 [main] INFO Nirmal - *******> As a user I can able to click Upper left corner Dresses <*******
2020-12-25 00:05:57,634 [main] INFO Nirmal - *******> As a user I can select Second dress on that list <*******
2020-12-25 00:05:58,553 [main] INFO Nirmal - *******> As a user I am able to click Add to cart button <*******
2020-12-25 00:05:58,674 [main] INFO Nirmal - *******> As a user I am able to click on proceed to checkout <*******
2020-12-25 00:05:59,682 [main] INFO Nirmal - *******> As a user I am able to see the total price with shipping <*******
2020-12-25 00:05:59,757 [main] INFO Nirmal - *******> As a user I am able to click on signout button <*******
2020-12-25 00:08:41,593 [main] INFO Nirmal - *******>As a User I can Open any Browser<*******
2020-12-25 00:08:49,215 [main] INFO Nirmal - *******>As a User I can clik on the modual Sign in<*******
2020-12-25 00:08:50,481 [main] INFO Nirmal - *******>As a user I can enter Valid username <*******
2020-12-25 00:08:50,809 [main] INFO Nirmal - *******>As a user I can enter Valid Password<*******
2020-12-25 00:08:51,080 [main] INFO Nirmal - *******> As a user I can clik the Sign in button <*******
2020-12-25 00:08:53,026 [main] INFO Nirmal - *******> As a user I am able to verify the title <*******
2020-12-25 00:08:53,047 [main] INFO Nirmal - *******> As a user I can able to click Upper left corner Dresses <*******
2020-12-25 00:08:54,926 [main] INFO Nirmal - *******> As a user I can select Second dress on that list <*******
2020-12-25 00:08:55,797 [main] INFO Nirmal - *******> As a user I am able to click Add to cart button <*******
2020-12-25 00:08:55,927 [main] INFO Nirmal - *******> As a user I am able to click on proceed to checkout <*******
2020-12-25 00:08:56,896 [main] INFO Nirmal - *******> As a user I am able to see the total price with shipping <*******
2020-12-25 00:08:56,973 [main] INFO Nirmal - *******> As a user I am able to click on signout button <*******
2020-12-25 00:09:51,702 [main] INFO Nirmal - *******>As a User I can Open any Browser<*******
2020-12-25 00:09:58,892 [main] INFO Nirmal - *******>As a User I can clik on the modual Sign in<*******
2020-12-25 00:10:00,144 [main] INFO Nirmal - *******>As a user I can enter Valid username <*******
2020-12-25 00:10:00,423 [main] INFO Nirmal - *******>As a user I can enter Valid Password<*******
2020-12-25 00:10:00,676 [main] INFO Nirmal - *******> As a user I can clik the Sign in button <*******
2020-12-25 00:10:01,657 [main] INFO Nirmal - *******> As a user I am able to verify the title <*******
2020-12-25 00:10:01,686 [main] INFO Nirmal - *******> As a user I can able to click Upper left corner Dresses <*******
2020-12-25 00:10:02,888 [main] INFO Nirmal - *******> As a user I can select Second dress on that list <*******
2020-12-25 00:10:04,019 [main] INFO Nirmal - *******> As a user I am able to click Add to cart button <*******
2020-12-25 00:10:04,138 [main] INFO Nirmal - *******> As a user I am able to click on proceed to checkout <*******
2020-12-25 00:10:05,114 [main] INFO Nirmal - *******> As a user I am able to see the total price with shipping <*******
2020-12-25 00:10:05,184 [main] INFO Nirmal - *******> As a user I am able to click on signout button <*******
2020-12-25 00:10:47,556 [main] INFO Nirmal - *******>As a User I can Open any Browser<*******
2020-12-25 00:10:54,949 [main] INFO Nirmal - *******>As a User I can clik on the modual Sign in<*******
2020-12-25 00:10:56,217 [main] INFO Nirmal - *******>As a user I can enter Valid username <*******
2020-12-25 00:10:56,486 [main] INFO Nirmal - *******>As a user I can enter Valid Password<*******
2020-12-25 00:10:56,752 [main] INFO Nirmal - *******> As a user I can clik the Sign in button <*******
2020-12-25 00:10:57,726 [main] INFO Nirmal - *******> As a user I am able to verify the title <*******
2020-12-25 00:10:57,756 [main] INFO Nirmal - *******> As a user I can able to click Upper left corner Dresses <*******
2020-12-25 00:10:59,149 [main] INFO Nirmal - *******> As a user I can select Second dress on that list <*******
2020-12-25 00:11:00,063 [main] INFO Nirmal - *******> As a user I am able to click Add to cart button <*******
2020-12-25 00:11:00,191 [main] INFO Nirmal - *******> As a user I am able to click on proceed to checkout <*******
2020-12-25 00:11:01,187 [main] INFO Nirmal - *******> As a user I am able to see the total price with shipping <*******
2020-12-25 00:11:01,265 [main] INFO Nirmal - *******> As a user I am able to click on signout button <*******
2020-12-25 00:13:26,446 [main] INFO Nirmal - *******>As a User I can Open any Browser<*******
2020-12-25 00:13:33,532 [main] INFO Nirmal - *******>As a User I can clik on the modual Sign in<*******
2020-12-25 00:13:34,443 [main] INFO Nirmal - *******>As a user I can enter Valid username <*******
2020-12-25 00:13:34,701 [main] INFO Nirmal - *******>As a user I can enter Valid Password<*******
2020-12-25 00:13:34,957 [main] INFO Nirmal - *******> As a user I can clik the Sign in button <*******
2020-12-25 00:13:38,024 [main] INFO Nirmal - *******> As a user I am able to verify the title <*******
2020-12-25 00:13:38,051 [main] INFO Nirmal - *******> As a user I can able to click Upper left corner Dresses <*******
2020-12-25 00:13:39,419 [main] INFO Nirmal - *******> As a user I can select Second dress on that list <*******
2020-12-25 00:13:40,803 [main] INFO Nirmal - *******> As a user I am able to click Add to cart button <*******
2020-12-25 00:13:40,931 [main] INFO Nirmal - *******> As a user I am able to click on proceed to checkout <*******
2020-12-25 00:13:41,954 [main] INFO Nirmal - *******> As a user I am able to see the total price with shipping <*******
2020-12-25 00:13:42,044 [main] INFO Nirmal - *******> As a user I am able to click on signout button <*******
2020-12-25 00:14:56,402 [main] INFO Nirmal - *******>As a User I can Open any Browser<*******
2020-12-25 00:15:03,593 [main] INFO Nirmal - *******>As a User I can clik on the modual Sign in<*******
2020-12-25 00:15:05,199 [main] INFO Nirmal - *******>As a user I can enter Valid username <*******
2020-12-25 00:15:05,498 [main] INFO Nirmal - *******>As a user I can enter Valid Password<*******
2020-12-25 00:15:05,763 [main] INFO Nirmal - *******> As a user I can clik the Sign in button <*******
2020-12-25 00:15:07,367 [main] INFO Nirmal - *******> As a user I am able to verify the title <*******
2020-12-25 00:15:07,393 [main] INFO Nirmal - *******> As a user I can able to click Upper left corner Dresses <*******
2020-12-25 00:15:08,659 [main] INFO Nirmal - *******> As a user I can select Second dress on that list <*******
2020-12-25 00:15:09,599 [main] INFO Nirmal - *******> As a user I am able to click Add to cart button <*******
2020-12-25 00:15:09,717 [main] INFO Nirmal - *******> As a user I am able to click on proceed to checkout <*******
2020-12-25 00:15:10,737 [main] INFO Nirmal - *******> As a user I am able to see the total price with shipping <*******
2020-12-25 00:15:10,807 [main] INFO Nirmal - *******> As a user I am able to click on signout button <*******
2020-12-25 00:15:52,305 [main] INFO Nirmal - *******>As a User I can Open any Browser<*******
2020-12-25 00:16:00,048 [main] INFO Nirmal - *******>As a User I can clik on the modual Sign in<*******
2020-12-25 00:16:01,228 [main] INFO Nirmal - *******>As a user I can enter Valid username <*******
2020-12-25 00:16:01,500 [main] INFO Nirmal - *******>As a user I can enter Valid Password<*******
2020-12-25 00:16:01,738 [main] INFO Nirmal - *******> As a user I can clik the Sign in button <*******
2020-12-25 00:16:02,766 [main] INFO Nirmal - *******> As a user I am able to verify the title <*******
2020-12-25 00:16:02,790 [main] INFO Nirmal - *******> As a user I can able to click Upper left corner Dresses <*******
2020-12-25 00:16:04,618 [main] INFO Nirmal - *******> As a user I can select Second dress on that list <*******
2020-12-25 00:16:05,840 [main] INFO Nirmal - *******> As a user I am able to click Add to cart button <*******
2020-12-25 00:16:05,961 [main] INFO Nirmal - *******> As a user I am able to click on proceed to checkout <*******
2020-12-25 00:16:08,376 [main] INFO Nirmal - *******> As a user I am able to see the total price with shipping <*******
2020-12-25 00:16:08,453 [main] INFO Nirmal - *******> As a user I am able to click on signout button <*******
2020-12-25 00:28:30,639 [main] INFO Nirmal - *******>As a User I can Open any Browser<*******
2020-12-25 00:28:38,743 [main] INFO Nirmal - *******>As a User I can clik on the modual Sign in<*******
2020-12-25 00:28:40,081 [main] INFO Nirmal - *******>As a user I can enter Valid username <*******
2020-12-25 00:28:40,353 [main] INFO Nirmal - *******>As a user I can enter Valid Password<*******
2020-12-25 00:28:40,589 [main] INFO Nirmal - *******> As a user I can clik the Sign in button <*******
2020-12-25 00:28:41,921 [main] INFO Nirmal - *******> As a user I am able to verify the title <*******
2020-12-25 00:28:41,944 [main] INFO Nirmal - *******> As a user I can able to click Upper left corner Dresses <*******
2020-12-25 00:28:43,590 [main] INFO Nirmal - *******> As a user I can select Second dress on that list <*******
2020-12-25 00:28:44,575 [main] INFO Nirmal - *******> As a user I am able to click Add to cart button <*******
2020-12-25 00:28:44,700 [main] INFO Nirmal - *******> As a user I am able to click on proceed to checkout <*******
2020-12-25 00:28:46,165 [main] INFO Nirmal - *******> As a user I am able to see the total price with shipping <*******
2020-12-25 00:28:46,263 [main] INFO Nirmal - *******> As a user I am able to click on signout button <*******
2020-12-25 00:36:57,837 [main] INFO Nirmal - *******>As a User I can Open any Browser<*******
2020-12-25 00:37:05,009 [main] INFO Nirmal - *******>As a User I can clik on the modual Sign in<*******
2020-12-25 00:37:06,079 [main] INFO Nirmal - *******>As a user I can enter Valid username <*******
2020-12-25 00:37:06,335 [main] INFO Nirmal - *******>As a user I can enter Valid Password<*******
2020-12-25 00:37:06,565 [main] INFO Nirmal - *******> As a user I can clik the Sign in button <*******
2020-12-25 00:37:07,571 [main] INFO Nirmal - *******> As a user I am able to verify the title <*******
2020-12-25 00:37:07,605 [main] INFO Nirmal - *******> As a user I can able to click Upper left corner Dresses <*******
2020-12-25 00:37:09,043 [main] INFO Nirmal - *******> As a user I can select Second dress on that list <*******
2020-12-25 00:37:09,947 [main] INFO Nirmal - *******> As a user I am able to click Add to cart button <*******
2020-12-25 00:37:10,108 [main] INFO Nirmal - *******> As a user I am able to click on proceed to checkout <*******
2020-12-25 00:37:11,132 [main] INFO Nirmal - *******> As a user I am able to see the total price with shipping <*******
2020-12-25 00:37:11,209 [main] INFO Nirmal - *******> As a user I am able to click on signout button <*******
2020-12-25 00:41:54,001 [main] INFO Nirmal - *******>As a User I can Open any Browser<*******
2020-12-25 00:42:01,311 [main] INFO Nirmal - *******>As a User I can clik on the modual Sign in<*******
2020-12-25 00:42:02,297 [main] INFO Nirmal - *******>As a user I can enter Valid username <*******
2020-12-25 00:42:02,567 [main] INFO Nirmal - *******>As a user I can enter Valid Password<*******
2020-12-25 00:42:02,815 [main] INFO Nirmal - *******> As a user I can clik the Sign in button <*******
2020-12-25 00:42:03,933 [main] INFO Nirmal - *******> As a user I am able to verify the title <*******
2020-12-25 00:42:03,956 [main] INFO Nirmal - *******> As a user I can able to click Upper left corner Dresses <*******
2020-12-25 00:42:05,275 [main] INFO Nirmal - *******> As a user I can select Second dress on that list <*******
2020-12-25 00:42:06,316 [main] INFO Nirmal - *******> As a user I am able to click Add to cart button <*******
2020-12-25 00:42:06,427 [main] INFO Nirmal - *******> As a user I am able to click on proceed to checkout <*******
2020-12-25 00:42:07,390 [main] INFO Nirmal - *******> As a user I am able to see the total price with shipping <*******
2020-12-25 00:42:07,479 [main] INFO Nirmal - *******> As a user I am able to click on signout button <*******
2020-12-25 00:45:27,504 [main] INFO Nirmal - *******>As a User I can Open any Browser<*******
2020-12-25 00:45:34,756 [main] INFO Nirmal - *******>As a User I can clik on the modual Sign in<*******
2020-12-25 00:45:36,261 [main] INFO Nirmal - *******>As a user I can enter Valid username <*******
2020-12-25 00:45:36,545 [main] INFO Nirmal - *******>As a user I can enter Valid Password<*******
2020-12-25 00:45:36,826 [main] INFO Nirmal - *******> As a user I can clik the Sign in button <*******
2020-12-25 00:45:38,196 [main] INFO Nirmal - *******> As a user I am able to verify the title <*******
2020-12-25 00:45:38,222 [main] INFO Nirmal - *******> As a user I can able to click Upper left corner Dresses <*******
2020-12-25 00:45:39,629 [main] INFO Nirmal - *******> As a user I can select Second dress on that list <*******
2020-12-25 00:45:40,553 [main] INFO Nirmal - *******> As a user I am able to click Add to cart button <*******
2020-12-25 00:45:40,689 [main] INFO Nirmal - *******> As a user I am able to click on proceed to checkout <*******
2020-12-25 00:45:42,123 [main] INFO Nirmal - *******> As a user I am able to see the total price with shipping <*******
2020-12-25 00:45:42,200 [main] INFO Nirmal - *******> As a user I am able to click on signout button <*******
2020-12-25 00:48:54,318 [main] INFO Nirmal - *******>As a User I can Open any Browser<*******
2020-12-25 00:49:01,443 [main] INFO Nirmal - *******>As a User I can clik on the modual Sign in<*******
2020-12-25 00:49:02,374 [main] INFO Nirmal - *******>As a user I can enter Valid username <*******
2020-12-25 00:49:02,722 [main] INFO Nirmal - *******>As a user I can enter Valid Password<*******
2020-12-25 00:49:02,963 [main] INFO Nirmal - *******> As a user I can clik the Sign in button <*******
2020-12-25 00:49:04,207 [main] INFO Nirmal - *******> As a user I am able to verify the title <*******
2020-12-25 00:49:04,230 [main] INFO Nirmal - *******> As a user I can able to click Upper left corner Dresses <*******
2020-12-25 00:49:05,953 [main] INFO Nirmal - *******> As a user I can select Second dress on that list <*******
2020-12-25 00:49:06,989 [main] INFO Nirmal - *******> As a user I am able to click Add to cart button <*******
2020-12-25 00:49:07,109 [main] INFO Nirmal - *******> As a user I am able to click on proceed to checkout <*******
2020-12-25 00:49:08,167 [main] INFO Nirmal - *******> As a user I am able to see the total price with shipping <*******
2020-12-25 00:49:08,263 [main] INFO Nirmal - *******> As a user I am able to click on signout button <*******
2020-12-25 01:12:04,602 [main] INFO Nirmal - *******>As a User I can Open any Browser<*******
2020-12-25 01:12:12,291 [main] INFO Nirmal - *******>As a User I can clik on the modual Sign in<*******
2020-12-25 01:12:13,325 [main] INFO Nirmal - *******>As a user I can enter Valid username <*******
2020-12-25 01:12:13,592 [main] INFO Nirmal - *******>As a user I can enter Valid Password<*******
2020-12-25 01:12:13,827 [main] INFO Nirmal - *******> As a user I can clik the Sign in button <*******
2020-12-25 01:12:15,558 [main] INFO Nirmal - *******> As a user I am able to verify the title <*******
2020-12-25 01:12:15,581 [main] INFO Nirmal - *******> As a user I can able to click Upper left corner Dresses <*******
2020-12-25 01:12:17,404 [main] INFO Nirmal - *******> As a user I can select Second dress on that list <*******
2020-12-25 01:12:18,634 [main] INFO Nirmal - *******> As a user I am able to click Add to cart button <*******
2020-12-25 01:12:18,760 [main] INFO Nirmal - *******> As a user I am able to click on proceed to checkout <*******
2020-12-25 01:12:19,913 [main] INFO Nirmal - *******> As a user I am able to see the total price with shipping <*******
2020-12-25 01:12:19,984 [main] INFO Nirmal - *******> As a user I am able to click on signout button <*******
2020-12-25 01:12:47,291 [main] INFO Nirmal - *******>As a User I can Open any Browser<*******
2020-12-25 01:12:54,399 [main] INFO Nirmal - *******>As a User I can clik on the modual Sign in<*******
2020-12-25 01:12:56,039 [main] INFO Nirmal - *******>As a user I can enter Valid username <*******
2020-12-25 01:12:56,301 [main] INFO Nirmal - *******>As a user I can enter Valid Password<*******
2020-12-25 01:12:56,508 [main] INFO Nirmal - *******> As a user I can clik the Sign in button <*******
2020-12-25 01:12:57,538 [main] INFO Nirmal - *******> As a user I am able to verify the title <*******
2020-12-25 01:12:57,564 [main] INFO Nirmal - *******> As a user I can able to click Upper left corner Dresses <*******
2020-12-25 01:12:59,126 [main] INFO Nirmal - *******> As a user I can select Second dress on that list <*******
2020-12-25 01:13:00,404 [main] INFO Nirmal - *******> As a user I am able to click Add to cart button <*******
2020-12-25 01:13:00,520 [main] INFO Nirmal - *******> As a user I am able to click on proceed to checkout <*******
2020-12-25 01:13:01,868 [main] INFO Nirmal - *******> As a user I am able to see the total price with shipping <*******
2020-12-25 01:13:01,946 [main] INFO Nirmal - *******> As a user I am able to click on signout button <*******
2020-12-25 01:16:35,740 [main] INFO Nirmal - *******>As a User I can Open any Browser<*******
2020-12-25 01:16:43,137 [main] INFO Nirmal - *******>As a User I can clik on the modual Sign in<*******
2020-12-25 01:16:44,663 [main] INFO Nirmal - *******>As a user I can enter Valid username <*******
2020-12-25 01:16:44,939 [main] INFO Nirmal - *******>As a user I can enter Valid Password<*******
2020-12-25 01:16:45,171 [main] INFO Nirmal - *******> As a user I can clik the Sign in button <*******
2020-12-25 01:16:47,548 [main] INFO Nirmal - *******> As a user I am able to verify the title <*******
2020-12-25 01:16:47,576 [main] INFO Nirmal - *******> As a user I can able to click Upper left corner Dresses <*******
2020-12-25 01:16:49,086 [main] INFO Nirmal - *******> As a user I can select Second dress on that list <*******
2020-12-25 01:16:50,373 [main] INFO Nirmal - *******> As a user I am able to click Add to cart button <*******
2020-12-25 01:16:50,486 [main] INFO Nirmal - *******> As a user I am able to click on proceed to checkout <*******
2020-12-25 01:16:51,970 [main] INFO Nirmal - *******> As a user I am able to see the total price with shipping <*******
2020-12-25 01:16:52,036 [main] INFO Nirmal - *******> As a user I am able to click on signout button <*******
2020-12-25 19:09:13,262 [main] INFO Nirmal - *******>As a User I can Open any Browser<*******
2020-12-25 19:09:20,879 [main] INFO Nirmal - *******>As a User I can clik on the modual Sign in<*******
2020-12-25 19:09:22,133 [main] INFO Nirmal - *******>As a user I can enter Valid username <*******
2020-12-25 19:09:22,377 [main] INFO Nirmal - *******>As a user I can enter Valid Password<*******
2020-12-25 19:09:22,590 [main] INFO Nirmal - *******> As a user I can clik the Sign in button <*******
2020-12-25 19:09:23,577 [main] INFO Nirmal - *******> As a user I am able to verify the title <*******
2020-12-25 19:09:23,606 [main] INFO Nirmal - *******> As a user I can able to click Upper left corner Dresses <*******
2020-12-25 19:09:25,361 [main] INFO Nirmal - *******> As a user I can select Second dress on that list <*******
2020-12-25 19:09:26,181 [main] INFO Nirmal - *******> As a user I am able to click Add to cart button <*******
2020-12-25 19:09:26,291 [main] INFO Nirmal - *******> As a user I am able to click on proceed to checkout <*******
2020-12-25 19:09:27,217 [main] INFO Nirmal - *******> As a user I am able to see the total price with shipping <*******
2020-12-25 19:09:27,285 [main] INFO Nirmal - *******> As a user I am able to click on signout button <*******
2020-12-27 23:18:58,821 [main] INFO Nirmal - *******>As a User I can Open any Browser<*******
2020-12-27 23:19:06,496 [main] INFO Nirmal - *******>As a User I can clik on the modual Sign in<*******
2020-12-27 23:19:07,469 [main] INFO Nirmal - *******>As a user I can enter Valid username <*******
2020-12-27 23:19:07,733 [main] INFO Nirmal - *******>As a user I can enter Valid Password<*******
2020-12-27 23:19:07,996 [main] INFO Nirmal - *******> As a user I can clik the Sign in button <*******
2020-12-27 23:19:08,982 [main] INFO Nirmal - *******> As a user I am able to verify the title <*******
2020-12-27 23:19:09,003 [main] INFO Nirmal - *******> As a user I can able to click Upper left corner Dresses <*******
2020-12-27 23:19:10,318 [main] INFO Nirmal - *******> As a user I can select Second dress on that list <*******
2020-12-27 23:19:11,181 [main] INFO Nirmal - *******> As a user I am able to click Add to cart button <*******
2020-12-27 23:19:11,309 [main] INFO Nirmal - *******> As a user I am able to click on proceed to checkout <*******
2020-12-27 23:19:12,825 [main] INFO Nirmal - *******> As a user I am able to see the total price with shipping <*******
2020-12-27 23:19:12,894 [main] INFO Nirmal - *******> As a user I am able to click on signout button <*******
